Info 0    [15:15:36.886] Starting TS Server
Info 1    [15:15:36.995] Version: 4.9.5
Info 2    [15:15:36.995] Arguments: /usr/bin/node /usr/lib/node_modules/typescript/lib/tsserver.js --serverMode partialSemantic --useInferredProjectPerProjectRoot --disableAutomaticTypingAcquisition --cancellationPipeName /tmp/2d04a91b2b1c57e6027b6680f263093d/tscancellation* --logVerbosity verbose --logFile /home/eloilson/Downloads/nft/.log/tsserver-log-uIQ5nY/tsserver.log --locale en --validateDefaultNpmLocation --useNodeIpc
Info 3    [15:15:36.995] Platform: linux NodeVersion: 19 CaseSensitive: true
Info 4    [15:15:36.995] ServerMode: 1 syntaxOnly: false hasUnknownServerMode: undefined
Info 5    [15:15:37.030] request:
    {
      "seq": 0,
      "type": "request",
      "command": "configure",
      "arguments": {
        "formatOptions": {
          "newLineCharacter": "\n"
        },
        "preferences": {
          "allowIncompleteCompletions": true,
          "allowRenameOfImportPath": true,
          "allowTextChangesInNewFiles": true,
          "disableLineTextInReferences": true,
          "disableSuggestions": false,
          "displayPartsForJSDoc": true,
          "generateReturnInDocTemplate": true,
          "importModuleSpecifierEnding": "auto",
          "importModuleSpecifierPreference": "shortest",
          "includeAutomaticOptionalChainCompletions": true,
          "includeCompletionsForImportStatements": true,
          "includeCompletionsForModuleExports": true,
          "includeCompletionsWithClassMemberSnippets": true,
          "includeCompletionsWithInsertText": true,
          "includeCompletionsWithObjectLiteralMethodSnippets": true,
          "includeCompletionsWithSnippetText": true,
          "includeInlayEnumMemberValueHints": false,
          "includeInlayFunctionLikeReturnTypeHints": false,
          "includeInlayFunctionParameterTypeHints": false,
          "includeInlayParameterNameHints": "none",
          "includeInlayParameterNameHintsWhenArgumentMatchesName": false,
          "includeInlayPropertyDeclarationTypeHints": false,
          "includeInlayVariableTypeHints": false,
          "includeInlayVariableTypeHintsWhenTypeMatchesName": false,
          "includePackageJsonAutoImports": "auto",
          "jsxAttributeCompletionStyle": "auto",
          "lazyConfiguredProjectsFromExternalProject": false,
          "providePrefixAndSuffixTextForRename": true,
          "provideRefactorNotApplicableReason": true,
          "quotePreference": "auto"
        }
      }
    }
Info 6    [15:15:37.031] Format host information updated
Info 7    [15:15:37.031] response:
    {"seq":0,"type":"response","command":"configure","request_seq":0,"success":true}
Perf 8    [15:15:37.033] 0::configure: async elapsed time (in milliseconds) 3.4379
