[15:15:37.769] Global cache location '/home/eloilson/.cache/typescript/4.9', safe file path '/usr/lib/node_modules/typescript/lib/typingSafeList.json', types map path /usr/lib/node_modules/typescript/lib/typesMap.json
[15:15:37.770] Processing cache location '/home/eloilson/.cache/typescript/4.9'
[15:15:37.770] Trying to find '/home/eloilson/.cache/typescript/4.9/package.json'...
[15:15:37.845] Loaded content of '/home/eloilson/.cache/typescript/4.9/package.json': {"private":true,"dependencies":{"types-registry":"^0.1.636"},"devDependencies":{"@types/basic-auth":"^1.1.3","@types/bcrypt":"^5.0.0","@types/connect-pg-simple":"^7.0.0","@types/cookie":"^0.5.1","@types/cookie-parser":"^1.4.3","@types/cookie-signature":"^1.1.0","@types/cron":"^2.0.0","@types/crypto-js":"^4.1.1","@types/cryptojs":"^3.1.30","@types/d":"^1.0.1","@types/debug":"^4.1.7","@types/depd":"^1.1.32","@types/di":"^0.0.1","@types/domready":"^1.0.0","@types/dot":"^1.1.5","@types/dottie":"^2.0.4","@types/ee-first":"^1.1.0","@types/eslint":"^8.21.1","@types/express":"^4.17.17","@types/express-formidable":"^1.2.0","@types/express-session":"^1.17.5","@types/flat":"^5.0.2","@types/http-errors":"^2.0.1","@types/inflection":"^1.13.0","@types/inherits":"^0.0.30","@types/jsonwebtoken":"^9.0.1","@types/libsodium-wrappers":"^0.7.10","@types/lodash":"^4.14.191","@types/luxon":"^3.2.0","@types/morgan":"^1.9.4","@types/node":"^18.11.19","@types/nodemailer":"^6.4.7","@types/nodemon":"^1.19.2","@types/on-finished":"^2.3.1","@types/on-headers":"^1.0.0","@types/pug":"^2.0.6","@types/react":"^18.0.28","@types/react-datepicker":"^4.8.0","@types/react-dom":"^18.0.11","@types/react-native":"^0.71.0","@types/react-redux":"^7.1.25","@types/react-router":"^5.1.20","@types/react-router-dom":"^5.3.3","@types/react-text-mask":"^5.4.11","@types/statuses":"^2.0.1","@types/styled-components":"^5.1.26","@types/styled-system":"^5.1.16","@types/testing-library__jest-dom":"^5.14.5","@types/uuid":"^9.0.1","@types/ws":"^8.5.4"}}
[15:15:37.846] Loaded content of '/home/eloilson/.cache/typescript/4.9/package-lock.json'
[15:15:37.882] Adding entry into typings cache: 'basic-auth' => '/home/eloilson/.cache/typescript/4.9/node_modules/@types/basic-auth/index.d.ts'
[15:15:37.923] Adding entry into typings cache: 'bcrypt' => '/home/eloilson/.cache/typescript/4.9/node_modules/@types/bcrypt/index.d.ts'
[15:15:37.952] Adding entry into typings cache: 'connect-pg-simple' => '/home/eloilson/.cache/typescript/4.9/node_modules/@types/connect-pg-simple/index.d.ts'
[15:15:38.207] Adding entry into typings cache: 'cookie' => '/home/eloilson/.cache/typescript/4.9/node_modules/@types/cookie/index.d.ts'
[15:15:38.218] Adding entry into typings cache: 'cookie-parser' => '/home/eloilson/.cache/typescript/4.9/node_modules/@types/cookie-parser/index.d.ts'
[15:15:38.246] Adding entry into typings cache: 'cookie-signature' => '/home/eloilson/.cache/typescript/4.9/node_modules/@types/cookie-signature/index.d.ts'
[15:15:38.282] Adding entry into typings cache: 'cron' => '/home/eloilson/.cache/typescript/4.9/node_modules/@types/cron/index.d.ts'
[15:15:38.413] Adding entry into typings cache: 'crypto-js' => '/home/eloilson/.cache/typescript/4.9/node_modules/@types/crypto-js/index.d.ts'
[15:15:38.441] Adding entry into typings cache: 'cryptojs' => '/home/eloilson/.cache/typescript/4.9/node_modules/@types/cryptojs/index.d.ts'
[15:15:38.479] Adding entry into typings cache: 'd' => '/home/eloilson/.cache/typescript/4.9/node_modules/@types/d/index.d.ts'
[15:15:38.488] Adding entry into typings cache: 'debug' => '/home/eloilson/.cache/typescript/4.9/node_modules/@types/debug/index.d.ts'
[15:15:38.502] Adding entry into typings cache: 'depd' => '/home/eloilson/.cache/typescript/4.9/node_modules/@types/depd/index.d.ts'
[15:15:38.584] Adding entry into typings cache: 'di' => '/home/eloilson/.cache/typescript/4.9/node_modules/@types/di/index.d.ts'
[15:15:38.667] Adding entry into typings cache: 'domready' => '/home/eloilson/.cache/typescript/4.9/node_modules/@types/domready/index.d.ts'
[15:15:38.706] Adding entry into typings cache: 'dot' => '/home/eloilson/.cache/typescript/4.9/node_modules/@types/dot/index.d.ts'
[15:15:38.729] Adding entry into typings cache: 'dottie' => '/home/eloilson/.cache/typescript/4.9/node_modules/@types/dottie/index.d.ts'
[15:15:38.730] Adding entry into typings cache: 'ee-first' => '/home/eloilson/.cache/typescript/4.9/node_modules/@types/ee-first/index.d.ts'
[15:15:38.786] Adding entry into typings cache: 'eslint' => '/home/eloilson/.cache/typescript/4.9/node_modules/@types/eslint/index.d.ts'
[15:15:38.798] Adding entry into typings cache: 'express' => '/home/eloilson/.cache/typescript/4.9/node_modules/@types/express/index.d.ts'
[15:15:38.801] Adding entry into typings cache: 'express-formidable' => '/home/eloilson/.cache/typescript/4.9/node_modules/@types/express-formidable/index.d.ts'
[15:15:38.819] Adding entry into typings cache: 'express-session' => '/home/eloilson/.cache/typescript/4.9/node_modules/@types/express-session/index.d.ts'
[15:15:38.840] Adding entry into typings cache: 'flat' => '/home/eloilson/.cache/typescript/4.9/node_modules/@types/flat/index.d.ts'
[15:15:38.847] Adding entry into typings cache: 'http-errors' => '/home/eloilson/.cache/typescript/4.9/node_modules/@types/http-errors/index.d.ts'
[15:15:38.886] Adding entry into typings cache: 'inflection' => '/home/eloilson/.cache/typescript/4.9/node_modules/@types/inflection/index.d.ts'
[15:15:38.887] Adding entry into typings cache: 'inherits' => '/home/eloilson/.cache/typescript/4.9/node_modules/@types/inherits/index.d.ts'
[15:15:38.983] Adding entry into typings cache: 'jsonwebtoken' => '/home/eloilson/.cache/typescript/4.9/node_modules/@types/jsonwebtoken/index.d.ts'
[15:15:39.010] Adding entry into typings cache: 'libsodium-wrappers' => '/home/eloilson/.cache/typescript/4.9/node_modules/@types/libsodium-wrappers/index.d.ts'
[15:15:39.027] Adding entry into typings cache: 'lodash' => '/home/eloilson/.cache/typescript/4.9/node_modules/@types/lodash/index.d.ts'
[15:15:39.059] Adding entry into typings cache: 'luxon' => '/home/eloilson/.cache/typescript/4.9/node_modules/@types/luxon/index.d.ts'
[15:15:39.067] Adding entry into typings cache: 'morgan' => '/home/eloilson/.cache/typescript/4.9/node_modules/@types/morgan/index.d.ts'
[15:15:39.149] Adding entry into typings cache: 'node' => '/home/eloilson/.cache/typescript/4.9/node_modules/@types/node/index.d.ts'
[15:15:39.172] Adding entry into typings cache: 'nodemailer' => '/home/eloilson/.cache/typescript/4.9/node_modules/@types/nodemailer/index.d.ts'
[15:15:39.269] Adding entry into typings cache: 'nodemon' => '/home/eloilson/.cache/typescript/4.9/node_modules/@types/nodemon/index.d.ts'
[15:15:39.280] Adding entry into typings cache: 'on-finished' => '/home/eloilson/.cache/typescript/4.9/node_modules/@types/on-finished/index.d.ts'
[15:15:39.290] Adding entry into typings cache: 'on-headers' => '/home/eloilson/.cache/typescript/4.9/node_modules/@types/on-headers/index.d.ts'
[15:15:39.291] Adding entry into typings cache: 'pug' => '/home/eloilson/.cache/typescript/4.9/node_modules/@types/pug/index.d.ts'
[15:15:39.333] Adding entry into typings cache: 'react' => '/home/eloilson/.cache/typescript/4.9/node_modules/@types/react/index.d.ts'
[15:15:39.359] Adding entry into typings cache: 'react-datepicker' => '/home/eloilson/.cache/typescript/4.9/node_modules/@types/react-datepicker/index.d.ts'
[15:15:39.401] Adding entry into typings cache: 'react-dom' => '/home/eloilson/.cache/typescript/4.9/node_modules/@types/react-dom/index.d.ts'
[15:15:39.421] Adding entry into typings cache: 'react-native' => '/home/eloilson/.cache/typescript/4.9/node_modules/@types/react-native/index.d.ts'
[15:15:39.452] Adding entry into typings cache: 'react-redux' => '/home/eloilson/.cache/typescript/4.9/node_modules/@types/react-redux/index.d.ts'
[15:15:39.533] Adding entry into typings cache: 'react-router' => '/home/eloilson/.cache/typescript/4.9/node_modules/@types/react-router/index.d.ts'
[15:15:39.589] Adding entry into typings cache: 'react-router-dom' => '/home/eloilson/.cache/typescript/4.9/node_modules/@types/react-router-dom/index.d.ts'
[15:15:39.679] Adding entry into typings cache: 'react-text-mask' => '/home/eloilson/.cache/typescript/4.9/node_modules/@types/react-text-mask/index.d.ts'
[15:15:39.693] Adding entry into typings cache: 'statuses' => '/home/eloilson/.cache/typescript/4.9/node_modules/@types/statuses/index.d.ts'
[15:15:39.729] Adding entry into typings cache: 'styled-components' => '/home/eloilson/.cache/typescript/4.9/node_modules/@types/styled-components/index.d.ts'
[15:15:39.751] Adding entry into typings cache: 'styled-system' => '/home/eloilson/.cache/typescript/4.9/node_modules/@types/styled-system/index.d.ts'
[15:15:39.754] Adding entry into typings cache: 'testing-library__jest-dom' => '/home/eloilson/.cache/typescript/4.9/node_modules/@types/testing-library__jest-dom/index.d.ts'
[15:15:39.770] Adding entry into typings cache: 'uuid' => '/home/eloilson/.cache/typescript/4.9/node_modules/@types/uuid/index.d.ts'
[15:15:39.807] Adding entry into typings cache: 'ws' => '/home/eloilson/.cache/typescript/4.9/node_modules/@types/ws/index.d.ts'
[15:15:39.807] Finished processing cache location '/home/eloilson/.cache/typescript/4.9'
[15:15:39.808] Process id: 20555
[15:15:39.808] NPM location: "/usr/bin/npm" (explicit '--npmLocation' not  provided)
[15:15:39.808] validateDefaultNpmLocation: true
[15:15:39.808] Npm config file: /home/eloilson/.cache/typescript/4.9/package.json
[15:15:39.808] Updating types-registry npm package...
[15:15:39.808] Exec: "/usr/bin/npm" install --ignore-scripts types-registry@latest
[15:15:44.222]     Succeeded. stdout:
    
    up to date, audited 140 packages in 3s

7 packages are looking for funding
  run `npm fund` for details

found 0 vulnerabilities

[15:15:44.222] Updated types-registry npm package
[15:47:51.701] Parent process has exited, shutting down...
