/home/eloilson/Downloads/nft/src/modules/extract.js:1
import optionsQuery from "../../http/optionsQuery.js"; //assert { type: "json" };
^^^^^^

SyntaxError: Cannot use import statement outside a module
    at internalCompileFunction (node:internal/vm:73:18)
    at wrapSafe (node:internal/modules/cjs/loader:1166:20)
    at Module._compile (node:internal/modules/cjs/loader:1210:27)
    at Module._extensions..js (node:internal/modules/cjs/loader:1300:10)
    at Module.load (node:internal/modules/cjs/loader:1103:32)
    at Module._load (node:internal/modules/cjs/loader:942:12)
    at Module.require (node:internal/modules/cjs/loader:1127:19)
    at Hook._require.Module.require (/usr/lib/node_modules/pm2/node_modules/require-in-the-middle/index.js:101:39)
    at require (node:internal/modules/helpers:112:18)
    at Object.<anonymous> (/home/eloilson/Downloads/nft/app.js:1:18)
/home/eloilson/Downloads/nft/src/modules/extract.js:1
import optionsQuery from "../../http/optionsQuery.js"; //assert { type: "json" };
^^^^^^

SyntaxError: Cannot use import statement outside a module
    at internalCompileFunction (node:internal/vm:73:18)
    at wrapSafe (node:internal/modules/cjs/loader:1166:20)
    at Module._compile (node:internal/modules/cjs/loader:1210:27)
    at Module._extensions..js (node:internal/modules/cjs/loader:1300:10)
    at Module.load (node:internal/modules/cjs/loader:1103:32)
    at Module._load (node:internal/modules/cjs/loader:942:12)
    at Module.require (node:internal/modules/cjs/loader:1127:19)
    at Hook._require.Module.require (/usr/lib/node_modules/pm2/node_modules/require-in-the-middle/index.js:101:39)
    at require (node:internal/modules/helpers:112:18)
    at Object.<anonymous> (/home/eloilson/Downloads/nft/app.js:1:18)
/home/eloilson/Downloads/nft/src/modules/extract.js:1
import optionsQuery from "../../http/optionsQuery.js"; //assert { type: "json" };
^^^^^^

SyntaxError: Cannot use import statement outside a module
    at internalCompileFunction (node:internal/vm:73:18)
    at wrapSafe (node:internal/modules/cjs/loader:1166:20)
    at Module._compile (node:internal/modules/cjs/loader:1210:27)
    at Module._extensions..js (node:internal/modules/cjs/loader:1300:10)
    at Module.load (node:internal/modules/cjs/loader:1103:32)
    at Module._load (node:internal/modules/cjs/loader:942:12)
    at Module.require (node:internal/modules/cjs/loader:1127:19)
    at Hook._require.Module.require (/usr/lib/node_modules/pm2/node_modules/require-in-the-middle/index.js:101:39)
    at require (node:internal/modules/helpers:112:18)
    at Object.<anonymous> (/home/eloilson/Downloads/nft/app.js:1:18)
/home/eloilson/Downloads/nft/src/modules/extract.js:1
import optionsQuery from "../../http/optionsQuery.js"; //assert { type: "json" };
^^^^^^

SyntaxError: Cannot use import statement outside a module
    at internalCompileFunction (node:internal/vm:73:18)
    at wrapSafe (node:internal/modules/cjs/loader:1166:20)
    at Module._compile (node:internal/modules/cjs/loader:1210:27)
    at Module._extensions..js (node:internal/modules/cjs/loader:1300:10)
    at Module.load (node:internal/modules/cjs/loader:1103:32)
    at Module._load (node:internal/modules/cjs/loader:942:12)
    at Module.require (node:internal/modules/cjs/loader:1127:19)
    at Hook._require.Module.require (/usr/lib/node_modules/pm2/node_modules/require-in-the-middle/index.js:101:39)
    at require (node:internal/modules/helpers:112:18)
    at Object.<anonymous> (/home/eloilson/Downloads/nft/app.js:1:18)
/home/eloilson/Downloads/nft/src/modules/extract.js:1
import optionsQuery from "../../http/optionsQuery.js"; //assert { type: "json" };
^^^^^^

SyntaxError: Cannot use import statement outside a module
    at internalCompileFunction (node:internal/vm:73:18)
    at wrapSafe (node:internal/modules/cjs/loader:1166:20)
    at Module._compile (node:internal/modules/cjs/loader:1210:27)
    at Module._extensions..js (node:internal/modules/cjs/loader:1300:10)
    at Module.load (node:internal/modules/cjs/loader:1103:32)
    at Module._load (node:internal/modules/cjs/loader:942:12)
    at Module.require (node:internal/modules/cjs/loader:1127:19)
    at Hook._require.Module.require (/usr/lib/node_modules/pm2/node_modules/require-in-the-middle/index.js:101:39)
    at require (node:internal/modules/helpers:112:18)
    at Object.<anonymous> (/home/eloilson/Downloads/nft/app.js:1:18)
/home/eloilson/Downloads/nft/src/modules/extract.js:1
import optionsQuery from "../../http/optionsQuery.js"; //assert { type: "json" };
^^^^^^

SyntaxError: Cannot use import statement outside a module
    at internalCompileFunction (node:internal/vm:73:18)
    at wrapSafe (node:internal/modules/cjs/loader:1166:20)
    at Module._compile (node:internal/modules/cjs/loader:1210:27)
    at Module._extensions..js (node:internal/modules/cjs/loader:1300:10)
    at Module.load (node:internal/modules/cjs/loader:1103:32)
    at Module._load (node:internal/modules/cjs/loader:942:12)
    at Module.require (node:internal/modules/cjs/loader:1127:19)
    at Hook._require.Module.require (/usr/lib/node_modules/pm2/node_modules/require-in-the-middle/index.js:101:39)
    at require (node:internal/modules/helpers:112:18)
    at Object.<anonymous> (/home/eloilson/Downloads/nft/app.js:1:18)
/home/eloilson/Downloads/nft/src/modules/extract.js:1
import optionsQuery from "../../http/optionsQuery.js"; //assert { type: "json" };
^^^^^^

SyntaxError: Cannot use import statement outside a module
    at internalCompileFunction (node:internal/vm:73:18)
    at wrapSafe (node:internal/modules/cjs/loader:1166:20)
    at Module._compile (node:internal/modules/cjs/loader:1210:27)
    at Module._extensions..js (node:internal/modules/cjs/loader:1300:10)
    at Module.load (node:internal/modules/cjs/loader:1103:32)
    at Module._load (node:internal/modules/cjs/loader:942:12)
    at Module.require (node:internal/modules/cjs/loader:1127:19)
    at Hook._require.Module.require (/usr/lib/node_modules/pm2/node_modules/require-in-the-middle/index.js:101:39)
    at require (node:internal/modules/helpers:112:18)
    at Object.<anonymous> (/home/eloilson/Downloads/nft/app.js:1:18)
/home/eloilson/Downloads/nft/src/modules/extract.js:1
import optionsQuery from "../../http/optionsQuery.js"; //assert { type: "json" };
^^^^^^

SyntaxError: Cannot use import statement outside a module
    at internalCompileFunction (node:internal/vm:73:18)
    at wrapSafe (node:internal/modules/cjs/loader:1166:20)
    at Module._compile (node:internal/modules/cjs/loader:1210:27)
    at Module._extensions..js (node:internal/modules/cjs/loader:1300:10)
    at Module.load (node:internal/modules/cjs/loader:1103:32)
    at Module._load (node:internal/modules/cjs/loader:942:12)
    at Module.require (node:internal/modules/cjs/loader:1127:19)
    at Hook._require.Module.require (/usr/lib/node_modules/pm2/node_modules/require-in-the-middle/index.js:101:39)
    at require (node:internal/modules/helpers:112:18)
    at Object.<anonymous> (/home/eloilson/Downloads/nft/app.js:1:18)
/home/eloilson/Downloads/nft/src/modules/extract.js:1
import optionsQuery from "../../http/optionsQuery.js"; //assert { type: "json" };
^^^^^^

SyntaxError: Cannot use import statement outside a module
    at internalCompileFunction (node:internal/vm:73:18)
    at wrapSafe (node:internal/modules/cjs/loader:1166:20)
    at Module._compile (node:internal/modules/cjs/loader:1210:27)
    at Module._extensions..js (node:internal/modules/cjs/loader:1300:10)
    at Module.load (node:internal/modules/cjs/loader:1103:32)
    at Module._load (node:internal/modules/cjs/loader:942:12)
    at Module.require (node:internal/modules/cjs/loader:1127:19)
    at Hook._require.Module.require (/usr/lib/node_modules/pm2/node_modules/require-in-the-middle/index.js:101:39)
    at require (node:internal/modules/helpers:112:18)
    at Object.<anonymous> (/home/eloilson/Downloads/nft/app.js:1:18)
/home/eloilson/Downloads/nft/src/modules/extract.js:1
import optionsQuery from "../../http/optionsQuery.js"; //assert { type: "json" };
^^^^^^

SyntaxError: Cannot use import statement outside a module
    at internalCompileFunction (node:internal/vm:73:18)
    at wrapSafe (node:internal/modules/cjs/loader:1166:20)
    at Module._compile (node:internal/modules/cjs/loader:1210:27)
    at Module._extensions..js (node:internal/modules/cjs/loader:1300:10)
    at Module.load (node:internal/modules/cjs/loader:1103:32)
    at Module._load (node:internal/modules/cjs/loader:942:12)
    at Module.require (node:internal/modules/cjs/loader:1127:19)
    at Hook._require.Module.require (/usr/lib/node_modules/pm2/node_modules/require-in-the-middle/index.js:101:39)
    at require (node:internal/modules/helpers:112:18)
    at Object.<anonymous> (/home/eloilson/Downloads/nft/app.js:1:18)
/home/eloilson/Downloads/nft/src/modules/extract.js:1
import optionsQuery from "../../http/optionsQuery.js"; //assert { type: "json" };
^^^^^^

SyntaxError: Cannot use import statement outside a module
    at internalCompileFunction (node:internal/vm:73:18)
    at wrapSafe (node:internal/modules/cjs/loader:1166:20)
    at Module._compile (node:internal/modules/cjs/loader:1210:27)
    at Module._extensions..js (node:internal/modules/cjs/loader:1300:10)
    at Module.load (node:internal/modules/cjs/loader:1103:32)
    at Module._load (node:internal/modules/cjs/loader:942:12)
    at Module.require (node:internal/modules/cjs/loader:1127:19)
    at Hook._require.Module.require (/usr/lib/node_modules/pm2/node_modules/require-in-the-middle/index.js:101:39)
    at require (node:internal/modules/helpers:112:18)
    at Object.<anonymous> (/home/eloilson/Downloads/nft/app.js:1:18)
/home/eloilson/Downloads/nft/src/modules/extract.js:1
import optionsQuery from "../../http/optionsQuery.js"; //assert { type: "json" };
^^^^^^

SyntaxError: Cannot use import statement outside a module
    at internalCompileFunction (node:internal/vm:73:18)
    at wrapSafe (node:internal/modules/cjs/loader:1166:20)
    at Module._compile (node:internal/modules/cjs/loader:1210:27)
    at Module._extensions..js (node:internal/modules/cjs/loader:1300:10)
    at Module.load (node:internal/modules/cjs/loader:1103:32)
    at Module._load (node:internal/modules/cjs/loader:942:12)
    at Module.require (node:internal/modules/cjs/loader:1127:19)
    at Hook._require.Module.require (/usr/lib/node_modules/pm2/node_modules/require-in-the-middle/index.js:101:39)
    at require (node:internal/modules/helpers:112:18)
    at Object.<anonymous> (/home/eloilson/Downloads/nft/app.js:1:18)
/home/eloilson/Downloads/nft/src/modules/extract.js:1
import optionsQuery from "../../http/optionsQuery.js"; //assert { type: "json" };
^^^^^^

SyntaxError: Cannot use import statement outside a module
    at internalCompileFunction (node:internal/vm:73:18)
    at wrapSafe (node:internal/modules/cjs/loader:1166:20)
    at Module._compile (node:internal/modules/cjs/loader:1210:27)
    at Module._extensions..js (node:internal/modules/cjs/loader:1300:10)
    at Module.load (node:internal/modules/cjs/loader:1103:32)
    at Module._load (node:internal/modules/cjs/loader:942:12)
    at Module.require (node:internal/modules/cjs/loader:1127:19)
    at Hook._require.Module.require (/usr/lib/node_modules/pm2/node_modules/require-in-the-middle/index.js:101:39)
    at require (node:internal/modules/helpers:112:18)
    at Object.<anonymous> (/home/eloilson/Downloads/nft/app.js:1:18)
/home/eloilson/Downloads/nft/src/modules/extract.js:1
import optionsQuery from "../../http/optionsQuery.js"; //assert { type: "json" };
^^^^^^

SyntaxError: Cannot use import statement outside a module
    at internalCompileFunction (node:internal/vm:73:18)
    at wrapSafe (node:internal/modules/cjs/loader:1166:20)
    at Module._compile (node:internal/modules/cjs/loader:1210:27)
    at Module._extensions..js (node:internal/modules/cjs/loader:1300:10)
    at Module.load (node:internal/modules/cjs/loader:1103:32)
    at Module._load (node:internal/modules/cjs/loader:942:12)
    at Module.require (node:internal/modules/cjs/loader:1127:19)
    at Hook._require.Module.require (/usr/lib/node_modules/pm2/node_modules/require-in-the-middle/index.js:101:39)
    at require (node:internal/modules/helpers:112:18)
    at Object.<anonymous> (/home/eloilson/Downloads/nft/app.js:1:18)
/home/eloilson/Downloads/nft/src/modules/extract.js:1
import optionsQuery from "../../http/optionsQuery.js"; //assert { type: "json" };
^^^^^^

SyntaxError: Cannot use import statement outside a module
    at internalCompileFunction (node:internal/vm:73:18)
    at wrapSafe (node:internal/modules/cjs/loader:1166:20)
    at Module._compile (node:internal/modules/cjs/loader:1210:27)
    at Module._extensions..js (node:internal/modules/cjs/loader:1300:10)
    at Module.load (node:internal/modules/cjs/loader:1103:32)
    at Module._load (node:internal/modules/cjs/loader:942:12)
    at Module.require (node:internal/modules/cjs/loader:1127:19)
    at Hook._require.Module.require (/usr/lib/node_modules/pm2/node_modules/require-in-the-middle/index.js:101:39)
    at require (node:internal/modules/helpers:112:18)
    at Object.<anonymous> (/home/eloilson/Downloads/nft/app.js:1:18)
/home/eloilson/Downloads/nft/src/modules/extract.js:1
import optionsQuery from "../../http/optionsQuery.js"; //assert { type: "json" };
^^^^^^

SyntaxError: Cannot use import statement outside a module
    at internalCompileFunction (node:internal/vm:73:18)
    at wrapSafe (node:internal/modules/cjs/loader:1166:20)
    at Module._compile (node:internal/modules/cjs/loader:1210:27)
    at Module._extensions..js (node:internal/modules/cjs/loader:1300:10)
    at Module.load (node:internal/modules/cjs/loader:1103:32)
    at Module._load (node:internal/modules/cjs/loader:942:12)
    at Module.require (node:internal/modules/cjs/loader:1127:19)
    at Hook._require.Module.require (/usr/lib/node_modules/pm2/node_modules/require-in-the-middle/index.js:101:39)
    at require (node:internal/modules/helpers:112:18)
    at Object.<anonymous> (/home/eloilson/Downloads/nft/app.js:1:18)
