Info 0    [14:58:46.068] Starting TS Server
Info 1    [14:58:46.228] Version: 4.9.5
Info 2    [14:58:46.229] Arguments: /usr/bin/node /usr/lib/node_modules/typescript/lib/tsserver.js --serverMode partialSemantic --useInferredProjectPerProjectRoot --disableAutomaticTypingAcquisition --cancellationPipeName /tmp/a5b67ebc367070e26cabeb190e0f67b0/tscancellation* --logVerbosity verbose --logFile /home/eloilson/Downloads/nft/.log/tsserver-log-BslGjo/tsserver.log --locale en --validateDefaultNpmLocation --useNodeIpc
Info 3    [14:58:46.229] Platform: linux NodeVersion: 19 CaseSensitive: true
Info 4    [14:58:46.229] ServerMode: 1 syntaxOnly: false hasUnknownServerMode: undefined
Info 5    [14:58:46.331] request:
    {
      "seq": 0,
      "type": "request",
      "command": "configure",
      "arguments": {
        "formatOptions": {
          "newLineCharacter": "\n"
        },
        "preferences": {
          "allowIncompleteCompletions": true,
          "allowRenameOfImportPath": true,
          "allowTextChangesInNewFiles": true,
          "disableLineTextInReferences": true,
          "disableSuggestions": false,
          "displayPartsForJSDoc": true,
          "generateReturnInDocTemplate": true,
          "importModuleSpecifierEnding": "auto",
          "importModuleSpecifierPreference": "shortest",
          "includeAutomaticOptionalChainCompletions": true,
          "includeCompletionsForImportStatements": true,
          "includeCompletionsForModuleExports": true,
          "includeCompletionsWithClassMemberSnippets": true,
          "includeCompletionsWithInsertText": true,
          "includeCompletionsWithObjectLiteralMethodSnippets": true,
          "includeCompletionsWithSnippetText": true,
          "includeInlayEnumMemberValueHints": false,
          "includeInlayFunctionLikeReturnTypeHints": false,
          "includeInlayFunctionParameterTypeHints": false,
          "includeInlayParameterNameHints": "none",
          "includeInlayParameterNameHintsWhenArgumentMatchesName": false,
          "includeInlayPropertyDeclarationTypeHints": false,
          "includeInlayVariableTypeHints": false,
          "includeInlayVariableTypeHintsWhenTypeMatchesName": false,
          "includePackageJsonAutoImports": "auto",
          "jsxAttributeCompletionStyle": "auto",
          "lazyConfiguredProjectsFromExternalProject": false,
          "providePrefixAndSuffixTextForRename": true,
          "provideRefactorNotApplicableReason": true,
          "quotePreference": "auto"
        }
      }
    }
Info 6    [14:58:46.332] Format host information updated
Info 7    [14:58:46.332] response:
    {"seq":0,"type":"response","command":"configure","request_seq":0,"success":true}
Perf 8    [14:58:46.334] 0::configure: async elapsed time (in milliseconds) 3.2888
